TN:
SF:contracts/ALBUM.sol
FN:63,ALBUM.WITHDRAW
FNDA:0,ALBUM.WITHDRAW
DA:64,0
DA:65,0
BRDA:65,0,0,-
BRDA:65,0,1,-
FN:68,ALBUM.CLAIM
FNDA:501,ALBUM.CLAIM
DA:69,2014
BRDA:69,1,0,245
BRDA:69,1,1,1769
DA:70,245
DA:72,1769
BRDA:72,2,0,256
BRDA:72,2,1,1513
DA:73,256
DA:75,1513
DA:76,1513
DA:77,1513
FN:80,ALBUM.MINT_ONLY_UNOWNED
FNDA:256,ALBUM.MINT_ONLY_UNOWNED
DA:81,256
DA:82,256
DA:83,25600
BRDA:83,3,0,-
BRDA:83,3,1,25344
DA:84,25344
DA:88,256
FN:91,ALBUM.MINT_ALL
FNDA:1769,ALBUM.MINT_ALL
DA:92,1769
BRDA:92,4,0,256
BRDA:92,4,1,1513
DA:93,256
DA:96,1513
DA:97,1513
DA:98,151300
DA:101,1513
BRDA:101,5,0,1257
BRDA:101,5,1,1513
DA:102,1257
FN:106,ALBUM.transferFrom
FNDA:256,ALBUM.transferFrom
DA:111,256
FN:114,ALBUM.GET_HAS_REDEEMED
FNDA:0,ALBUM.GET_HAS_REDEEMED
DA:115,3282
FN:118,ALBUM.GET_OWNED_COUNT
FNDA:0,ALBUM.GET_OWNED_COUNT
DA:119,3993
DA:120,3993
DA:121,3993
DA:122,399300
BRDA:122,6,0,374101
BRDA:122,6,1,399300
DA:123,374101
DA:127,3993
FN:130,ALBUM.CHECK_IF_OWNS_COLLECTION
FNDA:0,ALBUM.CHECK_IF_OWNS_COLLECTION
DA:133,3993
FN:136,ALBUM.GET_UNOWNED_TOTAL_PRICE
FNDA:256,ALBUM.GET_UNOWNED_TOTAL_PRICE
DA:139,256
DA:140,256
DA:142,256
DA:143,25600
BRDA:143,7,0,-
BRDA:143,7,1,25600
DA:144,25600
DA:148,256
FN:151,ALBUM.GET_CENTS
FNDA:0,ALBUM.GET_CENTS
DA:152,1779
FN:155,ALBUM.GET_TOTAL_PRICE_OF_SONGS
FNDA:1,ALBUM.GET_TOTAL_PRICE_OF_SONGS
DA:156,1
DA:157,1
DA:159,1
DA:160,100
DA:163,1
FN:166,ALBUM.GET_GOOD_URI
FNDA:1,ALBUM.GET_GOOD_URI
DA:167,1
FN:170,ALBUM.GET_BAD_URI
FNDA:0,ALBUM.GET_BAD_URI
DA:171,0
FN:174,ALBUM.GET_PRICE_BASED_ON_CENTS
FNDA:10,ALBUM.GET_PRICE_BASED_ON_CENTS
DA:175,1779
DA:177,1779
DA:178,1779
DA:180,1779
FN:183,ALBUM.GET_CHAINLINK_DATA_FEED_LATEST_ANSWER
FNDA:0,ALBUM.GET_CHAINLINK_DATA_FEED_LATEST_ANSWER
DA:184,1779
DA:187,1779
DA:188,1779
BRDA:188,8,0,-
BRDA:188,8,1,1779
DA:189,0
DA:192,1779
DA:193,1779
BRDA:193,9,0,-
BRDA:193,9,1,1779
DA:194,0
DA:197,1779
DA:199,1779
FN:202,ALBUM.tokenURI
FNDA:489,ALBUM.tokenURI
DA:205,489
DA:207,489
BRDA:207,10,0,-
BRDA:207,10,1,-
DA:208,233
DA:211,256
FN:214,ALBUM.balanceOf
FNDA:1001,ALBUM.balanceOf
DA:217,1001
BRDA:217,11,0,233
BRDA:217,11,1,768
DA:218,233
DA:221,768
FN:224,ALBUM.ownerOf
FNDA:489,ALBUM.ownerOf
DA:227,489
DA:229,489
BRDA:229,12,0,233
BRDA:229,12,1,256
DA:230,233
DA:233,256
FNF:18
FNH:11
LF:68
LH:63
BRF:26
BRH:18
end_of_record
TN:
SF:contracts/PLAYLIST.sol
FN:23,PLAYLIST.CREATE_STRUCTURE
FNDA:0,PLAYLIST.CREATE_STRUCTURE
DA:24,33453
DA:25,33453
FN:28,PLAYLIST.ADD_SONG
FNDA:512,PLAYLIST.ADD_SONG
DA:29,33453
DA:30,33453
DA:31,33453
FN:34,PLAYLIST.ADD_SONGS_BATCH
FNDA:528,PLAYLIST.ADD_SONGS_BATCH
DA:35,272
DA:36,33197
FN:40,PLAYLIST.REMOVE_SONG
FNDA:512,PLAYLIST.REMOVE_SONG
DA:41,356
DA:43,356
DA:45,356
DA:46,30650
DA:47,30650
DA:49,30650
BRDA:49,0,0,356
BRDA:49,0,1,30297
DA:50,30297
BRDA:50,1,0,356
BRDA:50,1,1,30297
DA:51,356
FN:57,PLAYLIST.REMOVE_SONGS_BATCH
FNDA:257,PLAYLIST.REMOVE_SONGS_BATCH
DA:58,1
DA:59,100
FN:63,PLAYLIST.GET_SONG_BY_INDEX
FNDA:256,PLAYLIST.GET_SONG_BY_INDEX
DA:66,256
DA:68,256
DA:70,256
DA:71,25600
DA:72,25600
DA:74,25600
BRDA:74,2,0,256
BRDA:74,2,1,25600
DA:75,25600
BRDA:75,3,0,256
BRDA:75,3,1,25600
DA:76,256
FN:82,PLAYLIST.GET_ALL_SONGS
FNDA:10013,PLAYLIST.GET_ALL_SONGS
DA:83,10013
DA:85,10013
DA:86,10013
DA:88,10013
DA:89,1001300
DA:90,1001300
DA:92,1001300
BRDA:92,4,0,-
BRDA:92,4,1,1001300
DA:93,1001300
DA:97,10013
FN:100,PLAYLIST.GET_PROGRESSIVE_ID
FNDA:0,PLAYLIST.GET_PROGRESSIVE_ID
DA:101,0
FNF:8
FNH:6
LF:35
LH:34
BRF:10
BRH:9
end_of_record
TN:
SF:contracts/SONG.sol
FN:50,SONG.WITHDRAW
FNDA:256,SONG.WITHDRAW
DA:51,256
DA:52,256
BRDA:52,0,0,-
BRDA:52,0,1,256
FN:55,SONG.MINT
FNDA:26880,SONG.MINT
DA:56,26880
BRDA:56,1,0,256
BRDA:56,1,1,26112
DA:57,256
DA:60,26112
DA:61,26112
FN:64,SONG.SPECIAL_MINT
FNDA:151556,SONG.SPECIAL_MINT
DA:67,151556
DA:68,151556
FN:71,SONG.GET_MINT_COUNT
FNDA:256,SONG.GET_MINT_COUNT
DA:72,256
FN:75,SONG.GET_PRICE
FNDA:51400,SONG.GET_PRICE
DA:76,78280
FN:79,SONG.GET_URI
FNDA:256,SONG.GET_URI
DA:80,256
FN:83,SONG.GET_CENTS
FNDA:256,SONG.GET_CENTS
DA:84,78287
FN:87,SONG.GET_PRICE_BASED_ON_CENTS
FNDA:263,SONG.GET_PRICE_BASED_ON_CENTS
DA:88,78543
DA:90,78031
DA:91,78031
DA:93,78031
FN:96,SONG.GET_CHAINLINK_DATA_FEED_LATEST_ANSWER
FNDA:0,SONG.GET_CHAINLINK_DATA_FEED_LATEST_ANSWER
DA:97,78543
DA:102,78543
DA:103,78543
BRDA:103,2,0,256
BRDA:103,2,1,78287
DA:104,256
DA:107,78287
DA:108,78287
BRDA:108,3,0,256
BRDA:108,3,1,78031
DA:109,256
DA:112,78031
DA:114,78031
FN:117,SONG.GET_DATA_FEED
FNDA:256,SONG.GET_DATA_FEED
DA:118,256
FN:121,SONG.GET_SEQUENCER_UPTIME_FEED
FNDA:256,SONG.GET_SEQUENCER_UPTIME_FEED
DA:126,256
FN:129,SONG.GET_GRACE_PERIOD_TIME
FNDA:256,SONG.GET_GRACE_PERIOD_TIME
DA:130,256
FN:133,SONG.tokenURI
FNDA:512,SONG.tokenURI
DA:136,512
DA:137,512
FN:140,SONG.supportsInterface
FNDA:0,SONG.supportsInterface
DA:143,0
FNF:14
FNH:12
LF:31
LH:30
BRF:8
BRH:7
end_of_record
TN:
SF:contracts/chainlink/mocks/MockAggregatorV2V3Interface.sol
FN:16,MockAggregatorV2V3Interface.latestRoundData
FNDA:160132,MockAggregatorV2V3Interface.latestRoundData
DA:27,160132
FN:30,MockAggregatorV2V3Interface.setAnswer
FNDA:256,MockAggregatorV2V3Interface.setAnswer
DA:31,256
FN:34,MockAggregatorV2V3Interface.setStartedAt
FNDA:256,MockAggregatorV2V3Interface.setStartedAt
DA:35,256
FNF:3
FNH:3
LF:3
LH:3
BRF:0
BRH:0
end_of_record
TN:
SF:script/DeployHelpers.s.sol
FN:19,ScaffoldETHDeploy.setupLocalhostEnv
FNDA:0,ScaffoldETHDeploy.setupLocalhostEnv
DA:23,0
BRDA:23,0,0,-
BRDA:23,0,1,-
DA:24,0
DA:25,0
DA:26,0
DA:27,0
DA:28,0
DA:29,0
DA:31,0
FN:35,ScaffoldETHDeploy.exportDeployments
FNDA:0,ScaffoldETHDeploy.exportDeployments
DA:37,0
DA:38,0
DA:39,0
DA:40,0
DA:42,0
DA:44,0
DA:46,0
DA:47,0
DA:54,0
DA:56,0
DA:61,0
DA:62,0
FN:65,ScaffoldETHDeploy.getChain
FNDA:0,ScaffoldETHDeploy.getChain
DA:66,0
FN:69,ScaffoldETHDeploy.findChainName
FNDA:0,ScaffoldETHDeploy.findChainName
DA:70,0
DA:71,0
DA:72,0
DA:73,0
DA:81,0
FNF:4
FNH:0
LF:26
LH:0
BRF:2
BRH:0
end_of_record
TN:
SF:script/VerifyAll.s.sol
FN:27,VerifyAll.run
FNDA:0,VerifyAll.run
DA:28,0
DA:29,0
DA:35,0
DA:37,0
DA:38,0
DA:39,0
FN:43,VerifyAll._verifyIfContractDeployment
FNDA:0,VerifyAll._verifyIfContractDeployment
DA:44,0
DA:51,0
BRDA:51,0,0,-
BRDA:51,0,1,-
DA:52,0
FN:56,VerifyAll._verifyContract
FNDA:0,VerifyAll._verifyContract
DA:57,0
DA:64,0
DA:71,0
DA:78,0
DA:85,0
DA:91,0
DA:92,0
DA:93,0
DA:94,0
DA:95,0
DA:96,0
DA:97,0
DA:98,0
DA:99,0
DA:100,0
DA:102,0
DA:104,0
BRDA:104,1,0,-
BRDA:104,1,1,-
DA:105,0
DA:111,0
DA:113,0
DA:115,0
FN:118,VerifyAll.nextTransaction
FNDA:0,VerifyAll.nextTransaction
DA:121,0
FN:128,VerifyAll._getCompiledBytecode
FNDA:0,VerifyAll._getCompiledBytecode
DA:131,0
DA:132,0
DA:140,0
FN:143,VerifyAll.getTransactionFromRaw
FNDA:0,VerifyAll.getTransactionFromRaw
DA:147,0
FN:150,VerifyAll.searchStr
FNDA:0,VerifyAll.searchStr
DA:154,0
DA:155,0
FNF:7
FNH:0
LF:37
LH:0
BRF:4
BRH:0
end_of_record
