TN:
SF:contracts/ALBUM.sol
FN:67,ALBUM.WITHDRAW
FNDA:0,ALBUM.WITHDRAW
DA:68,0
DA:69,0
BRDA:69,0,0,-
BRDA:69,0,1,-
FN:72,ALBUM.CLAIM
FNDA:0,ALBUM.CLAIM
DA:73,0
BRDA:73,1,0,-
BRDA:73,1,1,-
DA:74,0
DA:76,0
BRDA:76,2,0,-
BRDA:76,2,1,-
DA:77,0
DA:79,0
DA:80,0
DA:81,0
FN:84,ALBUM.MINT_ONLY_UNOWNED
FNDA:0,ALBUM.MINT_ONLY_UNOWNED
DA:85,0
DA:86,0
DA:87,0
BRDA:87,3,0,-
BRDA:87,3,1,-
DA:88,0
DA:92,0
FN:95,ALBUM.MINT_ALL
FNDA:0,ALBUM.MINT_ALL
DA:96,0
BRDA:96,4,0,-
BRDA:96,4,1,-
DA:97,0
DA:100,0
DA:101,0
DA:102,0
DA:105,0
BRDA:105,5,0,-
BRDA:105,5,1,-
FN:108,ALBUM.transferFrom
FNDA:0,ALBUM.transferFrom
DA:113,0
FN:116,ALBUM.GET_HAS_REDEEMED
FNDA:0,ALBUM.GET_HAS_REDEEMED
DA:117,0
FN:120,ALBUM.CHECK_IF_OWNS_COLLECTION
FNDA:0,ALBUM.CHECK_IF_OWNS_COLLECTION
DA:123,0
DA:124,0
DA:125,0
DA:126,0
BRDA:126,6,0,-
BRDA:126,6,1,-
DA:127,0
DA:131,0
FN:134,ALBUM.getUnownedTotalPrice
FNDA:0,ALBUM.getUnownedTotalPrice
DA:137,0
DA:138,0
DA:140,0
DA:141,0
BRDA:141,7,0,-
BRDA:141,7,1,-
DA:142,0
DA:146,0
FN:149,ALBUM.getTotalPrice
FNDA:0,ALBUM.getTotalPrice
DA:150,0
DA:151,0
DA:153,0
DA:154,0
DA:157,0
FN:160,ALBUM.GET_CENTS
FNDA:0,ALBUM.GET_CENTS
DA:161,0
FN:164,ALBUM.getGoodURI
FNDA:0,ALBUM.getGoodURI
DA:165,0
FN:168,ALBUM.getBadURI
FNDA:0,ALBUM.getBadURI
DA:169,0
FN:172,ALBUM.GET_PRICE_BASED_ON_CENTS
FNDA:0,ALBUM.GET_PRICE_BASED_ON_CENTS
DA:173,0
DA:175,0
DA:176,0
DA:178,0
FN:181,ALBUM.GET_CHAINLINK_DATA_FEED_LATEST_ANSWER
FNDA:0,ALBUM.GET_CHAINLINK_DATA_FEED_LATEST_ANSWER
DA:182,0
DA:185,0
DA:186,0
BRDA:186,8,0,-
BRDA:186,8,1,-
DA:187,0
DA:190,0
DA:191,0
BRDA:191,9,0,-
BRDA:191,9,1,-
DA:192,0
DA:195,0
DA:197,0
FN:200,ALBUM.tokenURI
FNDA:0,ALBUM.tokenURI
DA:203,0
DA:205,0
BRDA:205,10,0,-
BRDA:205,10,1,-
DA:206,0
DA:209,0
FN:212,ALBUM.supportsInterface
FNDA:0,ALBUM.supportsInterface
DA:215,0
FN:218,ALBUM.balanceOf
FNDA:0,ALBUM.balanceOf
DA:221,0
BRDA:221,11,0,-
BRDA:221,11,1,-
DA:222,0
DA:225,0
FN:228,ALBUM.ownerOf
FNDA:0,ALBUM.ownerOf
DA:231,0
DA:233,0
BRDA:233,12,0,-
BRDA:233,12,1,-
DA:234,0
DA:237,0
FNF:18
FNH:0
LF:67
LH:0
BRF:26
BRH:0
end_of_record
TN:
SF:contracts/PLAYLIST.sol
FN:23,PLAYLIST.CREATE_STRUCTURE
FNDA:0,PLAYLIST.CREATE_STRUCTURE
DA:24,1393
DA:25,1393
FN:28,PLAYLIST.ADD_SONG
FNDA:257,PLAYLIST.ADD_SONG
DA:29,1393
DA:30,1393
DA:31,1393
FN:34,PLAYLIST.ADD_SONGS_BATCH
FNDA:518,PLAYLIST.ADD_SONGS_BATCH
DA:35,262
DA:36,1392
FN:40,PLAYLIST.REMOVE_SONG
FNDA:512,PLAYLIST.REMOVE_SONG
DA:41,356
DA:43,356
DA:45,356
DA:46,30650
DA:47,30650
DA:49,30650
BRDA:49,0,0,356
BRDA:49,0,1,30295
DA:50,30295
BRDA:50,1,0,356
BRDA:50,1,1,30295
DA:51,356
FN:57,PLAYLIST.REMOVE_SONGS_BATCH
FNDA:257,PLAYLIST.REMOVE_SONGS_BATCH
DA:58,1
DA:59,100
FN:63,PLAYLIST.GET_SONG_BY_INDEX
FNDA:256,PLAYLIST.GET_SONG_BY_INDEX
DA:66,256
DA:68,256
DA:70,256
DA:71,25600
DA:72,25600
DA:74,25600
BRDA:74,2,0,256
BRDA:74,2,1,25600
DA:75,25600
BRDA:75,3,0,256
BRDA:75,3,1,25600
DA:76,256
FN:82,PLAYLIST.GET_ALL_SONGS
FNDA:1,PLAYLIST.GET_ALL_SONGS
DA:83,1
DA:85,1
DA:86,1
DA:88,1
DA:89,100
DA:90,100
DA:92,100
BRDA:92,4,0,-
BRDA:92,4,1,100
DA:93,100
DA:97,1
FN:100,PLAYLIST.GET_PROGRESSIVE_ID
FNDA:0,PLAYLIST.GET_PROGRESSIVE_ID
DA:101,0
FNF:8
FNH:6
LF:35
LH:34
BRF:10
BRH:9
end_of_record
TN:
SF:contracts/SONG.sol
FN:50,SONG.WITHDRAW
FNDA:1,SONG.WITHDRAW
DA:51,1
DA:52,1
BRDA:52,0,0,-
BRDA:52,0,1,1
FN:55,SONG.MINT
FNDA:1025,SONG.MINT
DA:56,1025
BRDA:56,1,0,256
BRDA:56,1,1,257
DA:57,256
DA:60,257
DA:61,257
FN:64,SONG.SPECIAL_MINT
FNDA:256,SONG.SPECIAL_MINT
DA:67,256
DA:68,256
FN:71,SONG.GET_MINT_COUNT
FNDA:256,SONG.GET_MINT_COUNT
DA:72,256
FN:75,SONG.GET_PRICE
FNDA:0,SONG.GET_PRICE
DA:76,1025
FN:79,SONG.GET_URI
FNDA:256,SONG.GET_URI
DA:80,256
FN:83,SONG.GET_CENTS
FNDA:256,SONG.GET_CENTS
DA:84,1032
FN:87,SONG.GET_PRICE_BASED_ON_CENTS
FNDA:263,SONG.GET_PRICE_BASED_ON_CENTS
DA:88,1288
DA:90,776
DA:91,776
DA:93,776
FN:96,SONG.GET_CHAINLINK_DATA_FEED_LATEST_ANSWER
FNDA:0,SONG.GET_CHAINLINK_DATA_FEED_LATEST_ANSWER
DA:97,1288
DA:102,1288
DA:103,1288
BRDA:103,2,0,256
BRDA:103,2,1,1032
DA:104,256
DA:107,1032
DA:108,1032
BRDA:108,3,0,256
BRDA:108,3,1,776
DA:109,256
DA:112,776
DA:114,776
FN:117,SONG.GET_DATA_FEED
FNDA:256,SONG.GET_DATA_FEED
DA:118,256
FN:121,SONG.GET_SEQUENCER_UPTIME_FEED
FNDA:256,SONG.GET_SEQUENCER_UPTIME_FEED
DA:126,256
FN:129,SONG.GET_GRACE_PERIOD_TIME
FNDA:256,SONG.GET_GRACE_PERIOD_TIME
DA:130,256
FN:133,SONG.tokenURI
FNDA:512,SONG.tokenURI
DA:136,512
DA:137,512
FN:140,SONG.supportsInterface
FNDA:0,SONG.supportsInterface
DA:143,0
FNF:14
FNH:11
LF:31
LH:30
BRF:8
BRH:7
end_of_record
TN:
SF:contracts/chainlink/mocks/MockAggregatorV2V3Interface.sol
FN:16,MockAggregatorV2V3Interface.latestRoundData
FNDA:2064,MockAggregatorV2V3Interface.latestRoundData
DA:27,2064
FN:30,MockAggregatorV2V3Interface.setAnswer
FNDA:256,MockAggregatorV2V3Interface.setAnswer
DA:31,256
FN:34,MockAggregatorV2V3Interface.setStartedAt
FNDA:256,MockAggregatorV2V3Interface.setStartedAt
DA:35,256
FNF:3
FNH:3
LF:3
LH:3
BRF:0
BRH:0
end_of_record
TN:
SF:script/DeployHelpers.s.sol
FN:19,ScaffoldETHDeploy.setupLocalhostEnv
FNDA:0,ScaffoldETHDeploy.setupLocalhostEnv
DA:23,0
BRDA:23,0,0,-
BRDA:23,0,1,-
DA:24,0
DA:25,0
DA:26,0
DA:27,0
DA:28,0
DA:29,0
DA:31,0
FN:35,ScaffoldETHDeploy.exportDeployments
FNDA:0,ScaffoldETHDeploy.exportDeployments
DA:37,0
DA:38,0
DA:39,0
DA:40,0
DA:42,0
DA:44,0
DA:46,0
DA:47,0
DA:54,0
DA:56,0
DA:61,0
DA:62,0
FN:65,ScaffoldETHDeploy.getChain
FNDA:0,ScaffoldETHDeploy.getChain
DA:66,0
FN:69,ScaffoldETHDeploy.findChainName
FNDA:0,ScaffoldETHDeploy.findChainName
DA:70,0
DA:71,0
DA:72,0
DA:73,0
DA:81,0
FNF:4
FNH:0
LF:26
LH:0
BRF:2
BRH:0
end_of_record
TN:
SF:script/VerifyAll.s.sol
FN:27,VerifyAll.run
FNDA:0,VerifyAll.run
DA:28,0
DA:29,0
DA:35,0
DA:37,0
DA:38,0
DA:39,0
FN:43,VerifyAll._verifyIfContractDeployment
FNDA:0,VerifyAll._verifyIfContractDeployment
DA:44,0
DA:51,0
BRDA:51,0,0,-
BRDA:51,0,1,-
DA:52,0
FN:56,VerifyAll._verifyContract
FNDA:0,VerifyAll._verifyContract
DA:57,0
DA:64,0
DA:71,0
DA:78,0
DA:85,0
DA:91,0
DA:92,0
DA:93,0
DA:94,0
DA:95,0
DA:96,0
DA:97,0
DA:98,0
DA:99,0
DA:100,0
DA:102,0
DA:104,0
BRDA:104,1,0,-
BRDA:104,1,1,-
DA:105,0
DA:111,0
DA:113,0
DA:115,0
FN:118,VerifyAll.nextTransaction
FNDA:0,VerifyAll.nextTransaction
DA:121,0
FN:128,VerifyAll._getCompiledBytecode
FNDA:0,VerifyAll._getCompiledBytecode
DA:131,0
DA:132,0
DA:140,0
FN:143,VerifyAll.getTransactionFromRaw
FNDA:0,VerifyAll.getTransactionFromRaw
DA:147,0
FN:150,VerifyAll.searchStr
FNDA:0,VerifyAll.searchStr
DA:154,0
DA:155,0
FNF:7
FNH:0
LF:37
LH:0
BRF:4
BRH:0
end_of_record
